Build started 4.06.2017 14:46:54.
     1>Project "C:\Users\HuseyinCengiz\Desktop\Üniversite Ödevler\ProjeOdevi2\ProjeOdevi2\ProjeOdevi2.vcxproj" on node 2 (Build target(s)).
     1>ClCompile:
         C:\Program Files (x86)\Microsoft Visual Studio 14.0\VC\bin\CL.exe /c /ZI /nologo /W3 /WX- /sdl /Od /Oy- /D "WIN32" /D _DEBUG /D _CONSOLE /D "_UNICODE" /D "UNICODE" /Gm /EHsc /RTC1 /MDd /GS /fp:precise /Zc:wchar_t /Zc:forScope /Zc:inline /Fo"Debug\\" /Fd"Debug\vc140.pdb" /Gd /TP /analyze- /errorReport:prompt "Islem.cpp" Kontrol.cpp Musteri.cpp Main.cpp Tarih.cpp Urun.cpp
         Urun.cpp
         Tarih.cpp
         Main.cpp
     1>c:\users\huseyincengiz\desktop\üniversite ödevler\projeodevi2\projeodevi2\main.cpp(21): warning C4244: 'argument': conversion from 'time_t' to 'unsigned int', possible loss of data
         Musteri.cpp
         Kontrol.cpp
     1>c:\users\huseyincengiz\desktop\üniversite ödevler\projeodevi2\projeodevi2\kontrol.cpp(17): warning C4309: 'initializing': truncation of constant value
     1>c:\users\huseyincengiz\desktop\üniversite ödevler\projeodevi2\projeodevi2\kontrol.cpp(18): warning C4309: 'initializing': truncation of constant value
     1>c:\users\huseyincengiz\desktop\üniversite ödevler\projeodevi2\projeodevi2\kontrol.cpp(19): warning C4309: 'initializing': truncation of constant value
     1>c:\users\huseyincengiz\desktop\üniversite ödevler\projeodevi2\projeodevi2\kontrol.cpp(20): warning C4309: 'initializing': truncation of constant value
     1>c:\users\huseyincengiz\desktop\üniversite ödevler\projeodevi2\projeodevi2\kontrol.cpp(21): warning C4309: 'initializing': truncation of constant value
     1>c:\users\huseyincengiz\desktop\üniversite ödevler\projeodevi2\projeodevi2\kontrol.cpp(22): warning C4309: 'initializing': truncation of constant value
     1>c:\users\huseyincengiz\desktop\üniversite ödevler\projeodevi2\projeodevi2\kontrol.cpp(23): warning C4309: 'initializing': truncation of constant value
     1>c:\users\huseyincengiz\desktop\üniversite ödevler\projeodevi2\projeodevi2\kontrol.cpp(24): warning C4309: 'initializing': truncation of constant value
     1>c:\users\huseyincengiz\desktop\üniversite ödevler\projeodevi2\projeodevi2\kontrol.cpp(25): warning C4309: 'initializing': truncation of constant value
     1>c:\users\huseyincengiz\desktop\üniversite ödevler\projeodevi2\projeodevi2\kontrol.cpp(26): warning C4309: 'initializing': truncation of constant value
         Islem.cpp
         Generating Code...
       Link:
         C:\Program Files (x86)\Microsoft Visual Studio 14.0\VC\bin\link.exe /ERRORREPORT:PROMPT /OUT:"C:\Users\HuseyinCengiz\Desktop\Üniversite Ödevler\ProjeOdevi2\Debug\ProjeOdevi2.exe" /INCREMENTAL /NOLOGO kernel32.lib user32.lib gdi32.lib winspool.lib comdlg32.lib advapi32.lib shell32.lib ole32.lib oleaut32.lib uuid.lib odbc32.lib odbccp32.lib /MANIFEST /MANIFESTUAC:"level='asInvoker' uiAccess='false'" /manifest:embed /Debug /PDB:"C:\Users\HuseyinCengiz\Desktop\Üniversite Ödevler\ProjeOdevi2\Debug\ProjeOdevi2.pdb" /SUBSYSTEM:CONSOLE /TLBID:1 /DYNAMICBASE /NXCOMPAT /IMPLIB:"C:\Users\HuseyinCengiz\Desktop\Üniversite Ödevler\ProjeOdevi2\Debug\ProjeOdevi2.lib" /MACHINE:X86 "Debug\Islem.obj"
         Debug\Kontrol.obj
         Debug\Musteri.obj
         Debug\Main.obj
         Debug\Tarih.obj
         Debug\Urun.obj
         ProjeOdevi2.vcxproj -> C:\Users\HuseyinCengiz\Desktop\Üniversite Ödevler\ProjeOdevi2\Debug\ProjeOdevi2.exe
     1>Done Building Project "C:\Users\HuseyinCengiz\Desktop\Üniversite Ödevler\ProjeOdevi2\ProjeOdevi2\ProjeOdevi2.vcxproj" (Build target(s)).

Build succeeded.

Time Elapsed 00:00:10.39
