c:\users\huseyıncengız\documents\vısual studıo 2015\projects\projeodevı2\projeodevı2\debug\vc140.pdb
c:\users\huseyıncengız\documents\vısual studıo 2015\projects\projeodevı2\projeodevı2\debug\vc140.ıdb
c:\users\huseyıncengız\documents\vısual studıo 2015\projects\projeodevı2\projeodevı2\debug\ıslem.obj
c:\users\huseyıncengız\documents\vısual studıo 2015\projects\projeodevı2\projeodevı2\debug\kontrol.obj
c:\users\huseyıncengız\documents\vısual studıo 2015\projects\projeodevı2\projeodevı2\debug\musterı.obj
c:\users\huseyıncengız\documents\vısual studıo 2015\projects\projeodevı2\projeodevı2\debug\source.obj
c:\users\huseyıncengız\documents\vısual studıo 2015\projects\projeodevı2\projeodevı2\debug\tarıh.obj
c:\users\huseyıncengız\documents\vısual studıo 2015\projects\projeodevı2\projeodevı2\debug\urun.obj
c:\users\huseyincengiz\documents\visual studio 2015\projects\projeodevi2\projeodevi2\debug\ıslem.obj
c:\users\huseyincengiz\documents\visual studio 2015\projects\projeodevi2\projeodevi2\debug\kontrol.obj
c:\users\huseyincengiz\documents\visual studio 2015\projects\projeodevi2\projeodevi2\debug\musteri.obj
c:\users\huseyincengiz\documents\visual studio 2015\projects\projeodevi2\projeodevi2\debug\source.obj
c:\users\huseyincengiz\documents\visual studio 2015\projects\projeodevi2\projeodevi2\debug\tarih.obj
c:\users\huseyincengiz\documents\visual studio 2015\projects\projeodevi2\projeodevi2\debug\urun.obj
c:\users\huseyincengiz\documents\visual studio 2015\projects\projeodevi2\projeodevi2\debug\vc140.idb
c:\users\huseyincengiz\documents\visual studio 2015\projects\projeodevi2\projeodevi2\debug\vc140.pdb
c:\users\huseyincengiz\documents\visual studio 2015\projects\projeodevi2\debug\projeodevi2.pdb
c:\users\huseyincengiz\documents\visual studio 2015\projects\projeodevi2\projeodevi2\debug\projeodevi2.tlog\cl.command.1.tlog
c:\users\huseyincengiz\documents\visual studio 2015\projects\projeodevi2\projeodevi2\debug\projeodevi2.tlog\cl.read.1.tlog
c:\users\huseyincengiz\documents\visual studio 2015\projects\projeodevi2\projeodevi2\debug\projeodevi2.tlog\cl.write.1.tlog
c:\users\huseyincengiz\documents\visual studio 2015\projects\projeodevi2\projeodevi2\debug\projeodevi2.tlog\link-cvtres.read.1.tlog
c:\users\huseyincengiz\documents\visual studio 2015\projects\projeodevi2\projeodevi2\debug\projeodevi2.tlog\link-cvtres.write.1.tlog
c:\users\huseyincengiz\documents\visual studio 2015\projects\projeodevi2\projeodevi2\debug\projeodevi2.tlog\link-rc.read.1.tlog
c:\users\huseyincengiz\documents\visual studio 2015\projects\projeodevi2\projeodevi2\debug\projeodevi2.tlog\link-rc.write.1.tlog
c:\users\huseyincengiz\documents\visual studio 2015\projects\projeodevi2\projeodevi2\debug\projeodevi2.tlog\link.command.1.tlog
c:\users\huseyincengiz\documents\visual studio 2015\projects\projeodevi2\projeodevi2\debug\projeodevi2.tlog\link.read.1.tlog
c:\users\huseyincengiz\documents\visual studio 2015\projects\projeodevi2\projeodevi2\debug\projeodevi2.tlog\link.write.1.tlog
