Build started 1.12.2016 21:51:02.
     1>Project "D:\C++ Calısmalar\3.odevv\3.odevv\3.odevv.vcxproj" on node 2 (Rebuild target(s)).
     1>ClCompile:
         C:\Program Files (x86)\Microsoft Visual Studio 14.0\VC\bin\CL.exe /c /ZI /nologo /W3 /WX- /sdl /Od /Oy- /D "WIN32" /D _DEBUG /D _CONSOLE /D "_UNICODE" /D "UNICODE" /Gm /EHsc /RTC1 /MDd /GS /fp:precise /Zc:wchar_t /Zc:forScope /Zc:inline /Fo"Debug\\" /Fd"Debug\vc140.pdb" /Gd /TP /analyze- /errorReport:prompt B161210111_3.odev.cpp
         B161210111_3.odev.cpp
     1>d:\c++ calısmalar\3.odevv\3.odevv\b161210111_3.odev.cpp(29): warning C4309: 'initializing': truncation of constant value
     1>d:\c++ calısmalar\3.odevv\3.odevv\b161210111_3.odev.cpp(30): warning C4309: 'initializing': truncation of constant value
     1>d:\c++ calısmalar\3.odevv\3.odevv\b161210111_3.odev.cpp(31): warning C4309: 'initializing': truncation of constant value
     1>d:\c++ calısmalar\3.odevv\3.odevv\b161210111_3.odev.cpp(32): warning C4309: 'initializing': truncation of constant value
     1>d:\c++ calısmalar\3.odevv\3.odevv\b161210111_3.odev.cpp(33): warning C4309: 'initializing': truncation of constant value
     1>d:\c++ calısmalar\3.odevv\3.odevv\b161210111_3.odev.cpp(34): warning C4309: 'initializing': truncation of constant value
     1>d:\c++ calısmalar\3.odevv\3.odevv\b161210111_3.odev.cpp(35): warning C4309: 'initializing': truncation of constant value
     1>d:\c++ calısmalar\3.odevv\3.odevv\b161210111_3.odev.cpp(36): warning C4309: 'initializing': truncation of constant value
     1>d:\c++ calısmalar\3.odevv\3.odevv\b161210111_3.odev.cpp(212): warning C4244: 'argument': conversion from 'time_t' to 'unsigned int', possible loss of data
       Link:
         C:\Program Files (x86)\Microsoft Visual Studio 14.0\VC\bin\link.exe /ERRORREPORT:PROMPT /OUT:"D:\C++ Calısmalar\3.odevv\Debug\3.odevv.exe" /INCREMENTAL /NOLOGO kernel32.lib user32.lib gdi32.lib winspool.lib comdlg32.lib advapi32.lib shell32.lib ole32.lib oleaut32.lib uuid.lib odbc32.lib odbccp32.lib /MANIFEST /MANIFESTUAC:"level='asInvoker' uiAccess='false'" /manifest:embed /Debug /PDB:"D:\C++ Calısmalar\3.odevv\Debug\3.odevv.pdb" /SUBSYSTEM:CONSOLE /TLBID:1 /DYNAMICBASE /NXCOMPAT /IMPLIB:"D:\C++ Calısmalar\3.odevv\Debug\3.odevv.lib" /MACHINE:X86 Debug\B161210111_3.odev.obj
         3.odevv.vcxproj -> D:\C++ Calısmalar\3.odevv\Debug\3.odevv.exe
     1>Done Building Project "D:\C++ Calısmalar\3.odevv\3.odevv\3.odevv.vcxproj" (Rebuild target(s)).

Build succeeded.

Time Elapsed 00:00:04.35
